<?xml version="1.0" encoding="UTF-8"?>
<!-- Generated by org.testng.reporters.JUnitReportReporter -->
<testsuite hostname="RR19-MB34.local" failures="0" tests="1" name="restAssuredTests.TC004_PUT_Employee_record" time="1.801" errors="0" timestamp="2020-05-19T08:06:28 EDT" skipped="0">
  <testcase classname="restAssuredTests.TC004_PUT_Employee_record" name="testPutData" time="1.801"/>
  <system-out/>
</testsuite> <!-- restAssuredTests.TC004_PUT_Employee_record -->
