<?xml version="1.0" encoding="UTF-8"?>
<!-- Generated by org.testng.reporters.JUnitReportReporter -->
<testsuite hostname="RR19-MB34.local" failures="0" tests="5" name="restAssuredTests.TC007_BasicValidations_XML" time="4.565" errors="0" timestamp="2020-05-20T21:48:11 EDT" skipped="0">
  <testcase classname="restAssuredTests.TC007_BasicValidations_XML" name="testSingleContent" time="2.051"/>
  <system-out/>
  <testcase classname="restAssuredTests.TC007_BasicValidations_XML" name="testMultipleContents" time="0.308"/>
  <system-out/>
  <testcase classname="restAssuredTests.TC007_BasicValidations_XML" name="testMultipleInOneGo" time="0.294"/>
  <system-out/>
  <testcase classname="restAssuredTests.TC007_BasicValidations_XML" name="testXmlPath" time="0.344"/>
  <system-out/>
  <testcase classname="restAssuredTests.TC007_BasicValidations_XML" name="testcomplexXPath" time="1.568"/>
  <system-out/>
</testsuite> <!-- restAssuredTests.TC007_BasicValidations_XML -->
