<?xml version="1.0" encoding="UTF-8"?>
<!-- Generated by org.testng.reporters.JUnitReportReporter -->
<testsuite hostname="RR19-MB34.local" failures="0" tests="6" name="restAssuredTests.TC006_BasicValidations_Json" time="3.539" errors="0" timestamp="2020-05-19T10:34:16 EDT" skipped="0">
  <testcase classname="restAssuredTests.TC006_BasicValidations_Json" name="getData" time="1.508"/>
  <system-out/>
  <testcase classname="restAssuredTests.TC006_BasicValidations_Json" name="testLogging" time="0.821"/>
  <system-out/>
  <testcase classname="restAssuredTests.TC006_BasicValidations_Json" name="validateSingleContent" time="0.506"/>
  <system-out/>
  <testcase classname="restAssuredTests.TC006_BasicValidations_Json" name="validateSingleContentComplexJson" time="0.131"/>
  <system-out/>
  <testcase classname="restAssuredTests.TC006_BasicValidations_Json" name="validateMultipleContents" time="0.137"/>
  <system-out/>
  <testcase classname="restAssuredTests.TC006_BasicValidations_Json" name="setParamsAndHeaders" time="0.436"/>
  <system-out/>
</testsuite> <!-- restAssuredTests.TC006_BasicValidations_Json -->
