<?xml version="1.0" encoding="UTF-8"?>
<!-- Generated by org.testng.reporters.JUnitReportReporter -->
<testsuite hostname="RR19-MB34.local" failures="0" tests="1" name="restAssuredTests.TC002_GET_Activity_for_given_id" time="3.694" errors="0" timestamp="2020-05-17T21:15:47 EDT" skipped="0">
  <testcase classname="restAssuredTests.TC002_GET_Activity_for_given_id" name="getActivityDetailsForGivenID" time="3.694"/>
  <system-out/>
</testsuite> <!-- restAssuredTests.TC002_GET_Activity_for_given_id -->
