<?xml version="1.0" encoding="UTF-8"?>
<!-- Generated by org.testng.reporters.JUnitReportReporter -->
<testsuite hostname="RR19-MB34.local" failures="0" tests="1" name="restAssuredTests.TC001_GET_Activities" time="4.941" errors="0" timestamp="2020-05-18T09:55:24 EDT" skipped="0">
  <testcase classname="restAssuredTests.TC001_GET_Activities" name="getActivities" time="4.941"/>
  <system-out/>
</testsuite> <!-- restAssuredTests.TC001_GET_Activities -->
