<?xml version="1.0" encoding="UTF-8"?>
<!-- Generated by org.testng.reporters.JUnitReportReporter -->
<testsuite hostname="RR19-MB34.local" failures="1" tests="1" name="serializationDeserialization.NoSerializationDeserialization" time="3.058" errors="0" timestamp="2020-05-20T21:33:17 EDT" skipped="0">
  <testcase classname="serializationDeserialization.NoSerializationDeserialization" name="testPostData" time="3.058">
    <failure message="1 expectation failed.
XML path status doesn&#039;t match.
Expected: success
  Actual: var _ezaq = {&quot;ad_cache_level&quot;:0,&quot;ad_count_adjustment&quot;:0,&quot;ad_lazyload_version&quot;:0,&quot;ad_location_ids&quot;:&quot;&quot;,&quot;ad_transform_level&quot;:0,&quot;adx_ad_count&quot;:0,&quot;bidder_method&quot;:3,&quot;bidder_version&quot;:5,&quot;city&quot;:&quot;Jersey City&quot;,&quot;country&quot;:&quot;US&quot;,&quot;days_since_last_visit&quot;:-1,&quot;display_ad_count&quot;:0,&quot;domain_id&quot;:133674,&quot;ds_adsize_opt_id&quot;:-1,&quot;engaged_time_visit&quot;:0,&quot;ezcache_level&quot;:1,&quot;forensiq_score&quot;:-1,&quot;form_factor_id&quot;:1,&quot;framework_id&quot;:1,&quot;has_bad_image&quot;:0,&quot;has_bad_words&quot;:0,&quot;iab_category&quot;:&quot;&quot;,&quot;is_from_recommended_pages&quot;:false,&quot;is_return_visitor&quot;:false,&quot;is_sitespeed&quot;:0,&quot;last_page_load&quot;:&quot;&quot;,&quot;last_pageview_id&quot;:&quot;&quot;,&quot;lt_cache_level&quot;:0,&quot;max_ads&quot;:0,&quot;metro_code&quot;:501,&quot;optimization_version&quot;:4,&quot;page_ad_positions&quot;:&quot;&quot;,&quot;page_view_count&quot;:0,&quot;page_view_id&quot;:&quot;cc372b74-b3a9-40c8-65fd-959c228f521d&quot;,&quot;position_selection_id&quot;:0,&quot;postal_code&quot;:&quot;07307&quot;,&quot;pv_event_count&quot;:0,&quot;response_time_orig&quot;:317,&quot;serverid&quot;:&quot;52.3.221.252:5747&quot;,&quot;state&quot;:&quot;NJ&quot;,&quot;sub_page_ad_positions&quot;:&quot;&quot;,&quot;t_epoch&quot;:1590024795,&quot;template_id&quot;:0,&quot;time_on_site_visit&quot;:0,&quot;url&quot;:&quot;http://dummy.restapiexample.com/create&quot;,&quot;user_id&quot;:0,&quot;word_count&quot;:0,&quot;worst_bad_word_level&quot;:0};var _ezim_d = null;var _ezat = {&quot;domain_id&quot;:133674,&quot;form_factor_id&quot;:1,&quot;framework_id&quot;:1,&quot;pageview_date&quot;:&quot;2020-05-20&quot;,&quot;pageview_id&quot;:&quot;cc372b74-b3a9-40c8-65fd-959c228f521d&quot;,&quot;template_id&quot;:0,&quot;url&quot;:&quot;http://dummy.restapiexample.com/create&quot;,&quot;visit_uuid&quot;:&quot;8109d9de-0551-4415-5325-fe61d08651ef&quot;};__ez.queue.addFile(&#039;banger.js&#039;, &#039;/porpoiseant/banger.js?cb=188-3&amp;bv=36&amp;v=32&amp;PageSpeed=off&#039;, true, [], true, false, false, true);var __ez=__ez||{};__ez.stms=Date.now();__ez.evt={};__ez.script={};__ez.ck={};__ez.template={};__ez.template.isOrig=false;__ez.evt.add=function(e,t,n){e.addEventListener?e.addEventListener(t,n,!1):e.attachEvent?e.attachEvent(&quot;on&quot;+t,n):e[&quot;on&quot;+t]=n()},__ez.evt.remove=function(e,t,n){e.removeEventListener?e.removeEventListener(t,n,!1):e.detachEvent?e.detachEvent(&quot;on&quot;+t,n):delete e[&quot;on&quot;+t]};__ez.ck.get=function(cname,did){if(did!==null)cname=cname+&quot;_&quot;+did;var name=cname+&quot;=&quot;;var decodedCookie=decodeURIComponent(document.cookie);var ca=decodedCookie.split(&#039;;&#039;);for(var i=0;i&lt;ca.length;i++){var c=ca[i];while(c.charAt(0)===&#039; &#039;){c=c.substring(1)}
if(c.indexOf(name)===0){return c.substring(name.length,c.length)}}
return &quot;&quot;};__ez.ck.setByCat=function(cookie,categoryId){if(location.protocol===&#039;https:&#039;){cookie=cookie+&quot;; Secure; SameSite=Lax;&quot;;}
if(cookie.indexOf(&#039;path=&#039;)===-1){cookie+=&#039;; path=/&#039;;}
if(typeof cmpIsOn===&quot;undefined&quot;){document.cookie=cookie;return;}
if(typeof categoryId===&quot;undefined&quot;||categoryId===null){return;}
var cmpCookie=__ez.ck.get(&quot;ezCMPCookieConsent&quot;,null);cmpCookie=cmpCookie.substring(1,cmpCookie.length);if(cmpCookie.indexOf(categoryId+&quot;=1&quot;)!==-1){document.cookie=cookie;}else if(cmpCookie===&quot;&quot;){if(typeof cmpCookies!==&quot;undefined&quot;){if(typeof cmpCookies[categoryId]===&quot;undefined&quot;){cmpCookies[categoryId]=[];}
cmpCookies[categoryId].push(cookie);}}};__ez.queue=(function(){var count=0,incr=0,items=[],timeDelayFired=false,hpItems=[],lpItems=[],allowLoad=true;var obj={func:function(name,funcName,parameters,isBlock,blockedBy,deleteWhenComplete,proceedIfError){var self=this;this.name=name;this.funcName=funcName;this.parameters=parameters===null?null:(parameters instanceof Array)?parameters:[parameters];this.isBlock=isBlock;this.blockedBy=blockedBy;this.deleteWhenComplete=deleteWhenComplete;this.isError=false;this.isComplete=false;this.isInitialized=false;this.proceedIfError=proceedIfError;this.isTimeDelay=false;this.process=function(){log(&quot;... func = &quot;+name);self.isInitialized=true;self.isComplete=true;log(&quot;... func.apply: &quot;+name);var funcs=self.funcName.split(&#039;.&#039;);var func=null;if(funcs.length&gt;3){}else if(funcs.length===3){func=window[funcs[0]][funcs[1]][funcs[2]];}else if(funcs.length===2){func=window[funcs[0]][funcs[1]];}else{func=window[self.funcName];}
if(typeof func!==&#039;undefined&#039;&amp;&amp;func!==null){func.apply(null,this.parameters);}
if(self.deleteWhenComplete===true)delete items[name];if(self.isBlock===true){log(&quot;----- F&#039;D: &quot;+self.name);processAll();}}},file:function(name,path,isBlock,blockedBy,async,defer,proceedIfError){var self=this;this.name=name;this.path=path;this.async=async;this.defer=defer;this.isBlock=isBlock;this.blockedBy=blockedBy;this.isInitialized=false;this.isError=false;this.isComplete=false;this.proceedIfError=proceedIfError;this.isTimeDelay=false;this.process=function(){self.isInitialized=true;log(&quot;... file = &quot;+name);var scr=document.createElement(&#039;script&#039;);scr.src=path;if(async===true)scr.async=true;else if(defer===true)scr.defer=true;scr.onerror=function(){log(&quot;----- ERR&#039;D: &quot;+self.name);self.isError=true;if(self.isBlock===true){processAll();}};scr.onreadystatechange=scr.onload=function(){var state=scr.readyState;log(&quot;----- F&#039;D: &quot;+self.name);if((!state||/loaded|complete/.test(state))){self.isComplete=true;if(self.isBlock===true){processAll();}}};document.getElementsByTagName(&#039;head&#039;)[0].appendChild(scr);}}};function init(){window.addEventListener(&quot;load&quot;,function(){setTimeout(function(){timeDelayFired=true;log(&#039;TDELAY -----&#039;);processAll();},5000);},false);}
function addFile(name,path,isBlock,blockedBy,async,defer,proceedIfError,priority){var item=new obj.file(name,path,isBlock,blockedBy,async,defer,proceedIfError);if(priority===true){hpItems[name]=item}else{lpItems[name]=item}
items[name]=item;checkIfBlocked(item);}
function setallowLoad(settobool){allowLoad=settobool}
function addFunc(name,func,parameters,isBlock,blockedBy,autoInc,deleteWhenComplete,proceedIfError,priority){if(autoInc===true)name=name+&quot;_&quot;+incr++;var item=new obj.func(name,func,parameters,isBlock,blockedBy,deleteWhenComplete,proceedIfError);if(priority===true){hpItems[name]=item}else{lpItems[name]=item}
items[name]=item;checkIfBlocked(item);}
function addTimeDelayFile(name,path){var item=new obj.file(name,path,false,[],false,false,true);item.isTimeDelay=true;log(name+&#039; ... &#039;+&#039; FILE! TDELAY&#039;);lpItems[name]=item;items[name]=item;checkIfBlocked(item);}
function addTimeDelayFunc(name,func,parameters){var item=new obj.func(name,func,parameters,false,[],true,true);item.isTimeDelay=true;log(name+&#039; ... &#039;+&#039; FUNCTION! TDELAY&#039;);lpItems[name]=item;items[name]=item;checkIfBlocked(item);}
function checkIfBlocked(item){if(isBlocked(item)===true||allowLoad==false)return;item.process();}
function isBlocked(item){if(item.isTimeDelay===true&amp;&amp;timeDelayFired===false){log(item.name+&quot; blocked = TIME DELAY!&quot;);return true;}
if(item.blockedBy instanceof Array){for(var i=0;i&lt;item.blockedBy.length;i++){var block=item.blockedBy[i];if(items.hasOwnProperty(block)===false){log(item.name+&quot; blocked = &quot;+block);return true;}else if(item.proceedIfError===true&amp;&amp;items[block].isError===true){return false;}else if(items[block].isComplete===false){log(item.name+&quot; blocked = &quot;+block);return true;}}}
return false;}
function log(msg){var href=window.location.href;var reg=new RegExp(&#039;[?&amp;]ezq=([^&amp;#]*)&#039;,&#039;i&#039;);var string=reg.exec(href);var res=string?string[1]:null;if(res===&quot;1&quot;)console.debug(msg);}
function processAll(){count++;if(count&gt;200)return;log(&quot;let&#039;s go&quot;);processItems(hpItems);processItems(lpItems);}
function processItems(list){for(var i in list){if(list.hasOwnProperty(i)===false)continue;var item=list[i];if(item.isComplete===true||isBlocked(item)||item.isInitialized===true||item.isError===true){if(item.isError===true){log(item.name+&#039;: error&#039;)}else if(item.isComplete===true){log(item.name+&#039;: complete already&#039;)}else if(item.isInitialized===true){log(item.name+&#039;: initialized already&#039;)}}else{item.process();}}}
init();return{addFile:addFile,addDelayFile:addTimeDelayFile,addFunc:addFunc,addDelayFunc:addTimeDelayFunc,items:items,processAll:processAll,setallowLoad:setallowLoad};})();__ez.script.add=function(e){var t=document.createElement(&quot;script&quot;);t.src=e,t.async=!0,t.type=&quot;text/javascript&quot;,document.getElementsByTagName(&quot;head&quot;)[0].appendChild(t)};__ez.dot={};var __ezDotData=function(name,val){if(typeof(name)!=&#039;string&#039;&amp;&amp;name.length==2){val=name[1];name=name[0];}
this.name=name;this.val=val;};__ez.dot.b64={_keyStr:&quot;ABCDEFGHIJKLMNOPQRSTUVWXYZabcdefghijklmnopqrstuvwxyz0123456789+/=&quot;,encode:function(e){var t=&quot;&quot;;var n,r,i,s,o,u,a;var f=0;e=Base64._utf8_encode(e);while(f&lt;e.length){n=e.charCodeAt(f++);r=e.charCodeAt(f++);i=e.charCodeAt(f++);s=n&gt;&gt;2;o=(n&amp;3)&lt;&lt;4|r&gt;&gt;4;u=(r&amp;15)&lt;&lt;2|i&gt;&gt;6;a=i&amp;63;if(isNaN(r)){u=a=64}else if(isNaN(i)){a=64}t=t+this._keyStr.charAt(s)+this._keyStr.charAt(o)+this._keyStr.charAt(u)+this._keyStr.charAt(a)}return t},decode:function(e){var t=&quot;&quot;;var n,r,i;var s,o,u,a;var f=0;e=e.replace(/[^A-Za-z0-9+/=]/g,&quot;&quot;);while(f&lt;e.length){s=this._keyStr.indexOf(e.charAt(f++));o=this._keyStr.indexOf(e.charAt(f++));u=this._keyStr.indexOf(e.charAt(f++));a=this._keyStr.indexOf(e.charAt(f++));n=s&lt;&lt;2|o&gt;&gt;4;r=(o&amp;15)&lt;&lt;4|u&gt;&gt;2;i=(u&amp;3)&lt;&lt;6|a;t=t+String.fromCharCode(n);if(u!=64){t=t+String.fromCharCode(r)}if(a!=64){t=t+String.fromCharCode(i)}}t=Base64._utf8_decode(t);return t},_utf8_encode:function(e){e=e.replace(/rn/g,&quot;n&quot;);var t=&quot;&quot;;for(var n=0;n&lt;e.length;n++){var r=e.charCodeAt(n);if(r&lt;128){t+=String.fromCharCode(r)}else if(r&gt;127&amp;&amp;r&lt;2048){t+=String.fromCharCode(r&gt;&gt;6|192);t+=String.fromCharCode(r&amp;63|128)}else{t+=String.fromCharCode(r&gt;&gt;12|224);t+=String.fromCharCode(r&gt;&gt;6&amp;63|128);t+=String.fromCharCode(r&amp;63|128)}}return t},_utf8_decode:function(e){var t=&quot;&quot;;var n=0;var r=c1=c2=0;while(n&lt;e.length){r=e.charCodeAt(n);if(r&lt;128){t+=String.fromCharCode(r);n++}else if(r&gt;191&amp;&amp;r&lt;224){c2=e.charCodeAt(n+1);t+=String.fromCharCode((r&amp;31)&lt;&lt;6|c2&amp;63);n+=2}else{c2=e.charCodeAt(n+1);c3=e.charCodeAt(n+2);t+=String.fromCharCode((r&amp;15)&lt;&lt;12|(c2&amp;63)&lt;&lt;6|c3&amp;63);n+=3}}return t}};__ez.dot.dataToStr=function(pixelData){if(typeof pixelData===&quot;undefined&quot;){return[]}
try{for(var i in pixelData){pixelData[i].val=pixelData[i].val+&#039;&#039;;}}catch(e){}
return pixelData};__ez.dot.getCC=function(){var countryCode=&quot;XX&quot;;if(typeof _ezaq!==&quot;undefined&quot;&amp;&amp;_ezaq.hasOwnProperty(&quot;country&quot;)){countryCode=_ezaq.country;}
return countryCode;};__ez.dot.getDID=function(){var domainId=&quot;0&quot;;if(typeof _ezaq!==&quot;undefined&quot;&amp;&amp;_ezaq.hasOwnProperty(&quot;domain_id&quot;)){domainId=_ezaq.domain_id.toString();}
return domainId;};__ez.dot.getEpoch=function(tEpoch){if(typeof _ezaq!==&quot;undefined&quot;&amp;&amp;_ezaq.hasOwnProperty(&quot;t_epoch&quot;)){tEpoch=_ezaq.t_epoch;}
return tEpoch};__ez.dot.getPageviewId=function(){var pageviewId=&quot;&quot;;if(typeof _ezaq!==&quot;undefined&quot;&amp;&amp;_ezaq.hasOwnProperty(&quot;page_view_id&quot;)){pageviewId=_ezaq.page_view_id;}
return pageviewId;};__ez.dot.getURL=function(pxURL){if((typeof ezJsu!==&quot;undefined&quot;&amp;&amp;ezJsu==true)||(typeof _ez_sa!==&quot;undefined&quot;&amp;&amp;_ez_sa==true)||(typeof isAmp!==&#039;undefined&#039;&amp;&amp;isAmp===true)||(typeof ezWp!==&#039;undefined&#039;&amp;&amp;ezWp===true)){pxURL=&quot;//g.ezoic.net&quot;+pxURL;}
return pxURL;};__ez.dot.isValid=function(pixelData){for(var i=0;i&lt;pixelData.length;i++){if(pixelData[i]instanceof __ezDotData===false){console.error(&quot;Invalid data. &quot;,pixelData[i]);return false}}
return true};__ez.dot.isDefined=function(){for(var i=0;i&lt;arguments.length;i++){if(typeof arguments[i]===&#039;undefined&#039;||arguments[i]===null){console.error(&quot;Argument not defined. &quot;,arguments);return false}}
return true};__ez.dot.isAnyDefined=function(){var result=false;for(var i=0;i&lt;arguments.length;i++){if(typeof arguments[i]!==&#039;undefined&#039;&amp;&amp;arguments[i]!==null){result=true}}
if(result==false){console.error(&quot;isAnyDefined Arguments not defined. &quot;,arguments);}
return result};__ez.dot.getSlotIID=function(slot){var iid=&quot;0&quot;;try{var map=__ez.dot.getTargetingMap(slot),dvid=__ez.dot.getElementId(slot);if(dvid.indexOf(&quot;div-gpt-ad&quot;)===-1){return iid;}
if(typeof map!==&quot;undefined&quot;){for(var key in map){if(key.indexOf(&#039;iid&#039;)!==-1&amp;&amp;typeof map[key][0]!==&quot;undefined&quot;){iid=map[key][0];break;}}}}catch(e){}
return iid;};__ez.dot.getElementId=function(slot){if(typeof(slot.ElementId)!=&#039;undefined&#039;){return slot.ElementId;}else{return slot.getSlotElementId()}};__ez.dot.getAdUnitPath=function(slot){if(typeof(slot.AdUnitPath)!=&#039;undefined&#039;){return slot.AdUnitPath;}else{return slot.getAdUnitPath()}};__ez.dot.getSizes=function(slot){if(typeof(slot.Sizes)!=&#039;undefined&#039;){return slot.Sizes;}else{return slot.getSizes();}};__ez.dot.getTargeting=function(slot,key){if(typeof(slot.Targeting)!=&#039;undefined&#039;){return slot.Targeting[key];}else{return slot.getTargeting(key)[0];}};__ez.dot.getTargetingMap=function(slot){if(typeof(slot.Targeting)!=&#039;undefined&#039;){return slot.Targeting;}else{return slot.getTargetingMap();}};__ez.dot.getAdUnit=function(adSlot){if(__ez.template.isOrig===true){return __ez.dot.getAdUnitPath(adSlot).split(&quot;/&quot;).pop()+&quot;|~ez~|&quot;+__ez.dot.getElementId(adSlot);}
return __ez.dot.getElementId(adSlot);};__ez.bit=(function(){var pixels=[],pxURL=&quot;/detroitchicago/greenoaks.gif&quot;;function AddAndFirePixel(pvId,pixelData){AddPixel(pvId,pixelData);Fire();}
function AddPixel(pvId,pixelData){if(__ez.dot.isDefined(pvId)&amp;&amp;__ez.dot.isValid(pixelData)){pixels.push({type:&quot;pageview&quot;,pageview_id:pvId,domain_id:__ez.dot.getDID(),t_epoch:__ez.dot.getEpoch(0),data:__ez.dot.dataToStr(pixelData)})}}
function Fire(){if(typeof document.visibilityState!==&#039;undefined&#039;&amp;&amp;document.visibilityState===&quot;prerender&quot;)return;if(__ez.dot.isDefined(pixels)&amp;&amp;pixels.length&gt;0){(new Image()).src=__ez.dot.getURL(pxURL)+&quot;?orig=&quot;+(__ez.template.isOrig===true?1:0)+&quot;&amp;ds=&quot;+btoa(JSON.stringify(pixels));}
pixels=[]}
return{Add:AddPixel,AddAndFire:AddAndFirePixel,Fire:Fire}})();__ez.pel=(function(){var pixels=[],pxURL=&quot;/porpoiseant/army.gif&quot;;function AddAndFirePixel(adSlot,pixelData){AddPixel(adSlot,pixelData,0,0,0,0,0);Fire();}
function GetCurrentPixels(){return pixels;}
function AddPixel(adSlot,pixelData,revenue,est_revenue,bid_floor_filled,bid_floor_prev,stat_source_id){if(!__ez.dot.isDefined(adSlot)||__ez.dot.isAnyDefined(adSlot.getSlotElementId,adSlot.ElementId)==false){return;}
var ad_position_id=parseInt(__ez.dot.getTargeting(adSlot,&#039;ap&#039;));var impId=__ez.dot.getSlotIID(adSlot),adUnit=__ez.dot.getAdUnit(adSlot);var compId=parseInt(__ez.dot.getTargeting(adSlot,&quot;compid&quot;));var lineItemId=0;var creativeId=0;var ezimData=getEzimData(adSlot);if(typeof ezimData==&#039;object&#039;){if(ezimData.creative_id!==undefined){creativeId=ezimData.creative_id;}
if(ezimData.line_item_id!==undefined){lineItemId=ezimData.line_item_id;}}
if(__ez.dot.isDefined(impId,adUnit)&amp;&amp;__ez.dot.isValid(pixelData)){pixels.push({type:&quot;impression&quot;,impression_id:impId,domain_id:__ez.dot.getDID(),unit:adUnit,t_epoch:__ez.dot.getEpoch(0),revenue:revenue,est_revenue:est_revenue,ad_position:ad_position_id,ad_size:&quot;&quot;,bid_floor_filled:bid_floor_filled,bid_floor_prev:bid_floor_prev,stat_source_id:stat_source_id,country_code:__ez.dot.getCC(),pageview_id:__ez.dot.getPageviewId(),comp_id:compId,line_item_id:lineItemId,creative_id:creativeId,data:__ez.dot.dataToStr(pixelData)});}}
function AddPixelById(impFullId,pixelData){var vals=impFullId.split(&#039;/&#039;);if(__ez.dot.isDefined(impFullId)&amp;&amp;vals.length===3&amp;&amp;__ez.dot.isValid(pixelData)){var adUnit=vals[0],impId=vals[2];pixels.push({type:&quot;impression&quot;,impression_id:impId,domain_id:__ez.dot.getDID(),unit:adUnit,t_epoch:__ez.dot.getEpoch(0),pageview_id:__ez.dot.getPageviewId(),data:__ez.dot.dataToStr(pixelData)});}}
function Fire(){if(typeof document.visibilityState!==&#039;undefined&#039;&amp;&amp;document.visibilityState===&quot;prerender&quot;)return;if(__ez.dot.isDefined(pixels)&amp;&amp;pixels.length&gt;0){var pixelURL=__ez.dot.getURL(pxURL)+&quot;?orig=&quot;+(__ez.template.isOrig===true?1:0)+&quot;&amp;sts=&quot;+btoa(JSON.stringify(pixels));if(typeof window.isAmp!==&#039;undefined&#039;&amp;&amp;isAmp&amp;&amp;typeof window._ezaq!==&#039;undefined&#039;&amp;&amp;_ezaq.hasOwnProperty(&quot;domain_id&quot;)){pixelURL+=&quot;&amp;visit_uuid=&quot;+_ezaq[&#039;visit_uuid&#039;];}
(new Image()).src=pixelURL;}
pixels=[];}
function getEzimData(adSlot){if(typeof _ezim_d==&quot;undefined&quot;){return false}
var adUnitName=__ez.dot.getAdUnitPath(adSlot).split(&#039;/&#039;).pop();if(typeof _ezim_d===&#039;object&#039;&amp;&amp;_ezim_d.hasOwnProperty(adUnitName)){return _ezim_d[adUnitName];}
for(var ezimKey in _ezim_d){if(ezimKey.split(&#039;/&#039;).pop()===adUnitName){return _ezim_d[ezimKey];}}
return false;}
return{Add:AddPixel,AddAndFire:AddAndFirePixel,AddById:AddPixelById,Fire:Fire,GetPixels:GetCurrentPixels,};})();var EzoicPixel=function(){this.pixels=[];this.pixelUrl=&quot;/ezoic/e.gif&quot;;if((typeof ezJsu!==&quot;undefined&quot;&amp;&amp;ezJsu===true)||(typeof _ez_sa!==&quot;undefined&quot;&amp;&amp;_ez_sa===true)||((typeof window.isAmp!=&#039;undefined&#039;)&amp;&amp;isAmp===true)||((typeof ezWp!==&#039;undefined&#039;)&amp;&amp;ezWp===true)){this.pixelUrl=&quot;//g.ezoic.net&quot;+this.pixelUrl}
this.tEpoch=0;if(typeof _ezaq!==&quot;undefined&quot;&amp;&amp;_ezaq.hasOwnProperty(&quot;t_epoch&quot;)){this.tEpoch=_ezaq.t_epoch}};var EzoicPixelData=function(name,val){this.name=name;this.val=val;};EzoicPixel.prototype={constructor:EzoicPixel,AddAndFireImpPixel:function(adSlot,pixelData){this.AddImpPixel(adSlot,pixelData,0,0,0,0,0);this.FirePixels()},AddAndFirePVPixel:function(pvId,pixelData){this.AddPVPixel(pvId,pixelData);this.FirePixels()},AddImpPixel:function(adSlot,pixelData,revenue,est_revenue,bid_floor_filled,bid_floor_prev,stat_source_id){if(__ez.dot.isDefined(adSlot)==false||__ez.dot.isAnyDefined(adSlot.getSlotElementId,adSlot.ElementId)==false){return}
var ad_position_id=parseInt(__ez.dot.getTargeting(adSlot,&#039;ap&#039;));var ad_size_array=__ez.dot.getSizes(adSlot)[0];var ad_size=ad_size_array.l.toString()+&quot;x&quot;+ad_size_array.j.toString();var domainId=&quot;0&quot;;var countryCode=&quot;XX&quot;;if(typeof _ezaq!==&quot;undefined&quot;&amp;&amp;_ezaq.hasOwnProperty(&quot;domain_id&quot;)){domainId=_ezaq.domain_id.toString()}
if(typeof _ezaq!==&quot;undefined&quot;&amp;&amp;_ezaq.hasOwnProperty(&quot;country&quot;)){countryCode=_ezaq.country}
var impId=__ez.dot.getSlotIID(adSlot),adUnit=__ez.dot.getSlotElementId(adSlot);if(__ez.dot.isDefined(impId,adUnit)&amp;&amp;this.validateData(pixelData)){pixelData=this.convertDataToStr(pixelData);this.pixels.push({type:&quot;impression&quot;,impression_id:impId,domain_id:domainId,unit:adUnit,t_epoch:this.tEpoch,revenue:revenue,est_revenue:est_revenue,ad_position:ad_position_id,ad_size:ad_size,bid_floor_filled:bid_floor_filled,bid_floor_prev:bid_floor_prev,stat_source_id:stat_source_id,country_code:countryCode,data:pixelData})}},AddImpPixelById:function(impFullId,pixelData){var domainId=&quot;0&quot;;if(typeof _ezaq!==&quot;undefined&quot;&amp;&amp;_ezaq.hasOwnProperty(&quot;domain_id&quot;)){domainId=_ezaq.domain_id.toString()}
var vals=impFullId.split(&#039;/&#039;);if(__ez.dot.isDefined(impFullId)&amp;&amp;vals.length===3&amp;&amp;this.validateData(pixelData)){var adUnit=vals[0];var impId=vals[2];pixelData=this.convertDataToStr(pixelData);this.pixels.push({type:&quot;impression&quot;,impression_id:impId,domain_id:domainId,unit:adUnit,t_epoch:this.tEpoch,data:pixelData})}},AddPVPixel:function(pvId,pixelData){var domainId=&quot;0&quot;;if(typeof _ezaq!==&quot;undefined&quot;&amp;&amp;_ezaq.hasOwnProperty(&quot;domain_id&quot;)){domainId=_ezaq.domain_id.toString()}
if(__ez.dot.isDefined(pvId)&amp;&amp;this.validateData(pixelData)){pixelData=this.convertDataToStr(pixelData);this.pixels.push({type:&quot;pageview&quot;,pageview_id:pvId,domain_id:domainId,t_epoch:this.tEpoch,data:pixelData})}},FirePixels:function(){if(typeof document.visibilityState!==&#039;undefined&#039;&amp;&amp;document.visibilityState===&quot;prerender&quot;){return}
if(__ez.dot.isDefined(this.pixels)&amp;&amp;this.pixels.length&gt;0){(new Image()).src=this.pixelUrl+&quot;?orig=&quot;+(__ez.template.isOrig===true?1:0)+&quot;&amp;pixels=&quot;+encodeURIComponent(JSON.stringify(this.pixels))}
this.pixels=[]},NewData:function(name,val){return new EzoicPixelData(name,val)},convertDataToStr:function(pixelData){if(typeof pixelData===&quot;undefined&quot;){return[]}
try{for(var i in pixelData){pixelData[i].val=pixelData[i].val+&#039;&#039;}}catch(e){}
return pixelData},validateData:function(pixelData){for(var i=0;i&lt;pixelData.length;i++){if(pixelData[i]instanceof EzoicPixelData===false){console.error(&quot;Invalid pixelData. &quot;,pixelData[i]);return false}}
return true}};(function(){if(&quot;function&quot;===typeof window.CustomEvent)return!1;window.CustomEvent=function(c,a){a=a||{bubbles:!1,cancelable:!1,detail:null};var b=document.createEvent(&quot;CustomEvent&quot;);b.initCustomEvent(c,a.bubbles,a.cancelable,a.detail);return b}})();window.requestIdleCallback=window.requestIdleCallback||function(b){var a=Date.now();return setTimeout(function(){b({didTimeout:!1,timeRemaining:function(){return Math.max(0,50-(Date.now()-a))}})},1)};
	(function(){function b(a,b){for(var c=[],f=0;f&lt;a;f++){for(var d=f*b*Math.random(),l=!0,k=2;k&lt;=Math.sqrt(d);++k)if(0===d%k){l=!1;break}l&amp;&amp;c.push(d)}return c}function a(){var a=this;a.age=0;setInterval(function(){a.age++},1E3)}if(&quot;1&quot;==window.ihajsdjhsadhjk){var d=new a;b(6,d);window.ihajsdjhsadhjk=null;window.doezifk=&quot;1&quot;}&quot;1&quot;==window.doezifk&amp;&amp;(b(50,1E9),pointlessComputationsButton.disabled=!1,window.doezifk=null,window.ihajsdjhsadhjk=&quot;1&quot;);if(&quot;function&quot;===typeof window.EzoIvent)return!1;window.EzoIvent=
	function(a,b){b=b||{bubbles:!1,cancelable:!1,detail:null};var c=document.createEvent(&quot;EzoIvent&quot;);c.initCustomEvent(a,b.bubbles,b.cancelable,b.detail);return c}})();__ez.nap=[];__ez.nap[0]=0;__ez.nap[1]=45;__ez.nap[2]=[];__ez.nap[3]=0;__ez.nap[4]=1;__ez.nap[5]=[];
	var ezocfol=function(b){b=_findNetworkQuietPeriods(__ez.nap[2],window.ezodomstart,b);b=_findOverlappingQuietPeriods(b,__ez.nap[5]);if(&quot;undefined&quot;!=typeof b){var a=0,d=Math.max(b[b.length-1].cpuQuietPeriod.end,b[b.length-1].cpuQuietPeriod.end);b.forEach(function(b){a+=Math.floor(b.quietPeriodLength/55)});(a&gt;=__ez.sswp&amp;&amp;1&lt;a||10&lt;=a||d&lt;Date.now()-5E3)&amp;&amp;clearInterval(window.ezoIint);__ez.nap[0]=a;window.dispatchEvent(new CustomEvent(&quot;EzoIvent&quot;,{detail:[__ez.nap[0],50]}))}};
	_findOverlappingQuietPeriods=function(b,a){var d=a.slice(),c=b.slice();d.shift();c.shift();var f=[];d.forEach(function(e){c.forEach(function(c){e.start&gt;=c.start?c.end&gt;=e.start+55&amp;&amp;f.push({cpuQuietPeriod:e,networkQuietPeriod:c,cpuQuietPeriods:a,networkQuietPeriods:b,quietPeriodLength:Math.min(e.duration,c.duration)}):e.end&gt;=c.start+55&amp;&amp;f.push({cpuQuietPeriod:e,networkQuietPeriod:c,cpuQuietPeriods:a,networkQuietPeriods:b,quietPeriodLength:Math.min(e.duration,c.duration)})})});if(0&lt;f.length)return f};
	var netStartTime=0;_findNetworkQuietPeriods=function(b,a,d){0==netStartTime&amp;&amp;(netStartTime=a-1);a=[];for(var c in b){var f=b[c];0&gt;f.end&amp;&amp;(f.end=99);a.push({time:f.start,isStart:!0});0&lt;f.end&amp;&amp;a.push({time:f.end,isStart:!1})}a.sort(function(a,b){return a.time-b.time});var e=0,g=netStartTime,h=[];a.forEach(function(a){a.isStart?(e===__ez.nap[4]&amp;&amp;h.push({start:g,end:a.time,duration:a.time-g}),e++):(e--,e===__ez.nap[4]&amp;&amp;(g=a.time))});e&lt;=__ez.nap[4]&amp;&amp;h.push({start:g,end:d,duration:d-g});return h};
	function hashCode(b){for(var a,d=0;d&lt;b.length;d++)a=Math.imul(31,a)+b.charCodeAt(d)|0;return a}
	var ezogetrqbykey=function(b){for(var a=0,d=__ez.nap[2].length;a&lt;d;a++)if(__ez.nap[2][a].id==b)return a},ezorqs=function(b,a){indexKey=window.ezogetrqbykey(a);&quot;undefined&quot;==typeof indexKey&amp;&amp;(__ez.nap[2].push({start:Date.now(),end:-1,id:a}),__ez.nap[3]++,setTimeout(function(){window.ezorqe(b,a)},2E3))},ezorqe=function(b,a,d){indexKey=window.ezogetrqbykey(a);&quot;undefined&quot;!=typeof indexKey&amp;&amp;-1==__ez.nap[2][indexKey].end?(__ez.nap[2][indexKey].end=Date.now(),__ez.nap[3]--):1==d&amp;&amp;__ez.nap[3]--};
	(function(){if(&quot;undefined&quot;!=typeof window.__ez.ssaf&amp;&amp;-1&lt;window.__ez.ssaf.indexOf(19)){var b=window.setInterval;window.setInterval=function(a,d){var c=d;90&gt;c&amp;&amp;56!=c&amp;&amp;(c=90);if(3&gt;arguments.length)return b(a,c);var f=Array.prototype.slice.call(arguments).slice(2);return b(a.bind(window,f),c)}}})();
	(function(){if(&quot;undefined&quot;!=typeof window.__ez.ssaf&amp;&amp;-1&lt;window.__ez.ssaf.indexOf(19)){var b=window.setTimeout;window.setTimeout=function(a,d){var c=d;90&gt;c&amp;&amp;(c=90);if(3&gt;arguments.length)return b(a,c);var f=this,e=Array.prototype.slice.call(arguments,2);return b(a instanceof Function?function(){a.apply(f,e)}:a,c)}}})();
	(function(){var b=window.XMLHttpRequest,a=function(){var a=new b;&quot;undefined&quot;!=typeof this.open?a.open=this.open:this.open=b.open;&quot;undefined&quot;!=typeof this.abort?a.abort=this.abort:this.open=b.open;&quot;undefined&quot;!=typeof this.getAllResponseHeaders?a.getAllResponseHeaders=this.getAllResponseHeaders:this.getAllResponseHeaders=b.getAllResponseHeaders;&quot;undefined&quot;!=typeof this.getResponseHeader?a.getResponseHeader=this.getResponseHeader:this.getResponseHeader=b.getResponseHeader;&quot;undefined&quot;!=typeof this.overrideMimeType?
	a.overrideMimeType=this.overrideMimeType:this.overrideMimeType=b.overrideMimeType;&quot;undefined&quot;!=typeof this.setRequestHeader?a.setRequestHeader=this.setRequestHeader:this.setRequestHeader=b.setRequestHeader;var d=Math.random();a.addEventListener(&quot;loadstart&quot;,function(a){window.ezorqs(a,d)});a.addEventListener(&quot;loadend&quot;,function(a){window.ezorqe(a,d)});a.addEventListener(&quot;error&quot;,function(a){window.ezorqe(a,d)});a.addEventListener(&quot;abort&quot;,function(a){window.ezorqe(a,d)});return a};a.prototype=b.prototype;
	for(var d in b)a[d]=b[d];window.XMLHttpRequest=a})();window.ezoFetchConst=window.fetch;window.fetch=function(b){var a=arguments,d=this,c=Math.random();window.ezorqs(b,c);return new Promise(function(b,e){window.ezoFetchConst.apply(d,a).then(function(a){window.ezorqe(a,c);b(a)})[&quot;catch&quot;](function(a){window.ezorqe(a,c);e(a)})})};var _fEzDt=function(){return Date.now()};
	document.addEventListener(&quot;DOMContentLoaded&quot;,function(){window.ezodomstart=Date.now();if(&quot;requestIdleCallback&quot;in window){var b=0;window.ezoIint=setInterval(function(){window.requestIdleCallback(function(a){var d=Date.now();a=a.timeRemaining();var c=_fEzDt();a&lt;c&amp;&amp;(a&gt;__ez.nap[1]?0==b&amp;&amp;(b=d):0!=b&amp;&amp;(a={start:b,end:d-(50-a)},a.duration=a.end-a.start,55&lt;=a.duration&amp;&amp;(__ez.nap[5].push(a),window.ezocfol(d)),b=0))})},56)}else window.dispatchEvent(new CustomEvent(&quot;EzoIvent&quot;,{detail:[-1,-1]})),clearInterval(window.ezoIint)});
	&quot;undefined&quot;!=typeof window.__ez.ssaf&amp;&amp;-1&lt;window.__ez.ssaf.indexOf(16)&amp;&amp;(window.addEventListener(&quot;load&quot;,function(){window.__ez__w_load=!0}),window.addEventListener(&quot;DOMContentLoaded&quot;,function(){window.__ez__w_dom=!0}),&quot;undefined&quot;!==typeof window.__ez.sshsdef&amp;&amp;!1===window.__ez.sshsdef&amp;&amp;function(){if(Element.prototype.addEventListener){window.__ez__ael=window.addEventListener;window.__ez__ael__proto=window.__ez__ael.prototype;var b=function(){&quot;domcontentloaded&quot;==arguments[0].toLowerCase()?arguments[0]=
	&quot;EzoicDOMContentLoaded&quot;:&quot;load&quot;==arguments[0].toLowerCase()&amp;&amp;(arguments[0]=&quot;Ezoicload&quot;);window.__ez__ael.apply(window,arguments)};window.__ez__ael.prototype=window.__ez__ael__proto;window.addEventListener=b;document.addEventListener=b}}());window.ezorqs=ezorqs;window.ezorqe=ezorqe;window.ezocfol=ezocfol;window.ezogetrqbykey=ezogetrqbykey;__ez.nap=__ez.nap;Method not allowed
            body{
                margin:0;
                padding:30px;
                font:12px/1.5 Helvetica,Arial,Verdana,sans-serif;
            }
            h1{
                margin:0;
                font-size:48px;
                font-weight:normal;
                line-height:48px;
            }
        window.google_analytics_uacct = &quot;UA-131129777-14&quot;;
var _gaq = _gaq || [];
_gaq.push([&#039;e._setAccount&#039;, &#039;UA-131129777-14&#039;]);
_gaq.push([&#039;f._setAccount&#039;, &#039;UA-38339005-1&#039;]);
_gaq.push([&#039;e._setDomainName&#039;, &#039;restapiexample.com&#039;]);
_gaq.push([&#039;f._setDomainName&#039;, &#039;restapiexample.com&#039;]);
_gaq.push([&#039;e._setCustomVar&#039;,1,&#039;template&#039;,&#039;pub_site_noads&#039;,3]);
_gaq.push([&#039;e._setCustomVar&#039;,2,&#039;t&#039;,&#039;147&#039;,3]);
_gaq.push([&#039;e._setCustomVar&#039;,3,&#039;rid&#039;,&#039;0&#039;,2]);
_gaq.push([&#039;e._setCustomVar&#039;,4,&#039;bra&#039;,&#039;mod92&#039;,3]);
_gaq.push([&#039;e._setAllowAnchor&#039;,true]);
_gaq.push([&#039;e._setSiteSpeedSampleRate&#039;, 10]);
_gaq.push([&#039;f._setCustomVar&#039;,1,&#039;template&#039;,&#039;pub_site_noads&#039;,3]);
_gaq.push([&#039;f._setCustomVar&#039;,2,&#039;domain&#039;,&#039;restapiexample.com&#039;,3]);
_gaq.push([&#039;f._setSiteSpeedSampleRate&#039;, 20]);
_gaq.push([&#039;e._trackPageview&#039;]);
_gaq.push([&#039;f._trackPageview&#039;]);


(function() {
 var ga = document.createElement(&#039;script&#039;); ga.type = &#039;text/javascript&#039;; ga.async = true;
 ga.src = (&#039;https:&#039; == document.location.protocol ? &#039;https://ssl&#039; : &#039;http://www&#039;) + &#039;.google-analytics.com/ga.js&#039;;
 var s = document.getElementsByTagName(&#039;script&#039;)[0]; s.parentNode.insertBefore(ga, s);
})();
var ezouid = &quot;1&quot;;null
var ezoTemplate = &#039;pub_site_noads&#039;;
if(typeof ezouid == &#039;undefined&#039;)
{
    var ezouid = &#039;none&#039;;
}
var ezoFormfactor = &#039;1&#039;;
var ezo_elements_to_check = Array();

var soc_app_id = &#039;0&#039;;
var did = 133674;
var ezdomain = &#039;restapiexample.com&#039;;
var ezoicSearchable = 1;

__ez.queue.addFile(&#039;__ezf_ezosuigeneris&#039;, &#039;//g.ezoic.net/ezosuigeneris.js&#039;, true, [], true, false, false, false);
var __ez_ezosuigenerisEvt = function() { if(typeof(ezosuigeneris) != &#039;undefined&#039;){__ez.bit.AddAndFire(_ezaq[&#039;page_view_id&#039;], [(new __ezDotData(&#039;universal_user_id&#039;, ezosuigeneris))]); }};
__ez.queue.addFunc(&#039;__ez_ezosuigenerisEvt&#039;, &#039;__ez_ezosuigenerisEvt&#039;, null, false, [&#039;__ezf_ezosuigeneris&#039;], false, false, false, false);__ez.queue.addFile(&#039;__ezf_ezosuigenerisc&#039;, &#039;//g.ezoic.net/ezosuigenerisc.js?nogen=1&#039;, true, [], true, false, false, false);
function create_ezolpl() {
    var d = new Date();
    d.setTime(d.getTime() + (365*24*60*60*1000));
    var expires = &quot;expires=&quot;+d.toUTCString();
    __ez.ck.setByCat(&quot;ezux_lpl_133674=&quot; + new Date().getTime() + &quot;|cc372b74-b3a9-40c8-65fd-959c228f521d|false; &quot; + expires, 3);
}
function attach_ezolpl() {
    if(window.attachEvent) {
        window.attachEvent(&#039;onload&#039;, create_ezolpl);
    } else {
        if(window.onload) {
            var curronload = window.onload;
            var newonload = function(evt) {
                curronload(evt);
                create_ezolpl();
            };
            window.onload = newonload;
        } else {
            window.onload = create_ezolpl;
        }
    }
}
attach_ezolpl();
Method not allowedGET
var __ez_dims = (function() {
	var setCookie = function( name, content, expiry ) {
		return document.cookie = name+&#039;=&#039;+content+((expiry)?&#039;;expires=&#039;+(new Date(Math.floor(new Date().getTime()+expiry*1000)).toUTCString()):&#039;&#039;)+&#039;;path=/&#039;;
	};
	var ffid = 1;
	var oh = window.screen.height;
	var ow = window.screen.width;
	var h = ffid === 1 ? oh : (oh &gt; ow) ? oh : ow;
	var w = ffid === 1 ? ow : (oh &gt; ow) ? ow : oh;
	var uh = window.innerHeight || document.documentElement.clientHeight || document.getElementsByTagName(&#039;body&#039;)[0].clientHeight;
	var uw = window.innerWidth || document.documentElement.clientWidth || document.getElementsByTagName(&#039;body&#039;)[0].clientWidth;
	setCookie(&#039;ezds&#039;, encodeURIComponent(&#039;ffid=&#039;+ffid+&#039;,w=&#039;+w+&#039;,h=&#039;+h), (31536e3*7));
	setCookie(&#039;ezohw&#039;, encodeURIComponent(&#039;w=&#039;+uw+&#039;,h=&#039;+uh), (31536e3*7));
})();

__ez.queue.addFile(&#039;edmonton.php&#039;, &#039;/detroitchicago/edmonton.webp?a=a&amp;cb=188-3&amp;shcb=32&#039;, true, [], true, false, false, false);
__ez.queue.addFile(&#039;jellyfish.php&#039;, &#039;/porpoiseant/jellyfish.webp?a=a&amp;cb=188-3&amp;shcb=32&#039;, false, [], true, false, false, false);
nullnull
" type="java.lang.AssertionError">
      <![CDATA[java.lang.AssertionError: 1 expectation failed.
XML path status doesn't match.
Expected: success
  Actual: var _ezaq = {"ad_cache_level":0,"ad_count_adjustment":0,"ad_lazyload_version":0,"ad_location_ids":"","ad_transform_level":0,"adx_ad_count":0,"bidder_method":3,"bidder_version":5,"city":"Jersey City","country":"US","days_since_last_visit":-1,"display_ad_count":0,"domain_id":133674,"ds_adsize_opt_id":-1,"engaged_time_visit":0,"ezcache_level":1,"forensiq_score":-1,"form_factor_id":1,"framework_id":1,"has_bad_image":0,"has_bad_words":0,"iab_category":"","is_from_recommended_pages":false,"is_return_visitor":false,"is_sitespeed":0,"last_page_load":"","last_pageview_id":"","lt_cache_level":0,"max_ads":0,"metro_code":501,"optimization_version":4,"page_ad_positions":"","page_view_count":0,"page_view_id":"cc372b74-b3a9-40c8-65fd-959c228f521d","position_selection_id":0,"postal_code":"07307","pv_event_count":0,"response_time_orig":317,"serverid":"52.3.221.252:5747","state":"NJ","sub_page_ad_positions":"","t_epoch":1590024795,"template_id":0,"time_on_site_visit":0,"url":"http://dummy.restapiexample.com/create","user_id":0,"word_count":0,"worst_bad_word_level":0};var _ezim_d = null;var _ezat = {"domain_id":133674,"form_factor_id":1,"framework_id":1,"pageview_date":"2020-05-20","pageview_id":"cc372b74-b3a9-40c8-65fd-959c228f521d","template_id":0,"url":"http://dummy.restapiexample.com/create","visit_uuid":"8109d9de-0551-4415-5325-fe61d08651ef"};__ez.queue.addFile('banger.js', '/porpoiseant/banger.js?cb=188-3&bv=36&v=32&PageSpeed=off', true, [], true, false, false, true);var __ez=__ez||{};__ez.stms=Date.now();__ez.evt={};__ez.script={};__ez.ck={};__ez.template={};__ez.template.isOrig=false;__ez.evt.add=function(e,t,n){e.addEventListener?e.addEventListener(t,n,!1):e.attachEvent?e.attachEvent("on"+t,n):e["on"+t]=n()},__ez.evt.remove=function(e,t,n){e.removeEventListener?e.removeEventListener(t,n,!1):e.detachEvent?e.detachEvent("on"+t,n):delete e["on"+t]};__ez.ck.get=function(cname,did){if(did!==null)cname=cname+"_"+did;var name=cname+"=";var decodedCookie=decodeURIComponent(document.cookie);var ca=decodedCookie.split(';');for(var i=0;i<ca.length;i++){var c=ca[i];while(c.charAt(0)===' '){c=c.substring(1)}
if(c.indexOf(name)===0){return c.substring(name.length,c.length)}}
return ""};__ez.ck.setByCat=function(cookie,categoryId){if(location.protocol==='https:'){cookie=cookie+"; Secure; SameSite=Lax;";}
if(cookie.indexOf('path=')===-1){cookie+='; path=/';}
if(typeof cmpIsOn==="undefined"){document.cookie=cookie;return;}
if(typeof categoryId==="undefined"||categoryId===null){return;}
var cmpCookie=__ez.ck.get("ezCMPCookieConsent",null);cmpCookie=cmpCookie.substring(1,cmpCookie.length);if(cmpCookie.indexOf(categoryId+"=1")!==-1){document.cookie=cookie;}else if(cmpCookie===""){if(typeof cmpCookies!=="undefined"){if(typeof cmpCookies[categoryId]==="undefined"){cmpCookies[categoryId]=[];}
cmpCookies[categoryId].push(cookie);}}};__ez.queue=(function(){var count=0,incr=0,items=[],timeDelayFired=false,hpItems=[],lpItems=[],allowLoad=true;var obj={func:function(name,funcName,parameters,isBlock,blockedBy,deleteWhenComplete,proceedIfError){var self=this;this.name=name;this.funcName=funcName;this.parameters=parameters===null?null:(parameters instanceof Array)?parameters:[parameters];this.isBlock=isBlock;this.blockedBy=blockedBy;this.deleteWhenComplete=deleteWhenComplete;this.isError=false;this.isComplete=false;this.isInitialized=false;this.proceedIfError=proceedIfError;this.isTimeDelay=false;this.process=function(){log("... func = "+name);self.isInitialized=true;self.isComplete=true;log("... func.apply: "+name);var funcs=self.funcName.split('.');var func=null;if(funcs.length>3){}else if(funcs.length===3){func=window[funcs[0]][funcs[1]][funcs[2]];}else if(funcs.length===2){func=window[funcs[0]][funcs[1]];}else{func=window[self.funcName];}
if(typeof func!=='undefined'&&func!==null){func.apply(null,this.parameters);}
if(self.deleteWhenComplete===true)delete items[name];if(self.isBlock===true){log("----- F'D: "+self.name);processAll();}}},file:function(name,path,isBlock,blockedBy,async,defer,proceedIfError){var self=this;this.name=name;this.path=path;this.async=async;this.defer=defer;this.isBlock=isBlock;this.blockedBy=blockedBy;this.isInitialized=false;this.isError=false;this.isComplete=false;this.proceedIfError=proceedIfError;this.isTimeDelay=false;this.process=function(){self.isInitialized=true;log("... file = "+name);var scr=document.createElement('script');scr.src=path;if(async===true)scr.async=true;else if(defer===true)scr.defer=true;scr.onerror=function(){log("----- ERR'D: "+self.name);self.isError=true;if(self.isBlock===true){processAll();}};scr.onreadystatechange=scr.onload=function(){var state=scr.readyState;log("----- F'D: "+self.name);if((!state||/loaded|complete/.test(state))){self.isComplete=true;if(self.isBlock===true){processAll();}}};document.getElementsByTagName('head')[0].appendChild(scr);}}};function init(){window.addEventListener("load",function(){setTimeout(function(){timeDelayFired=true;log('TDELAY -----');processAll();},5000);},false);}
function addFile(name,path,isBlock,blockedBy,async,defer,proceedIfError,priority){var item=new obj.file(name,path,isBlock,blockedBy,async,defer,proceedIfError);if(priority===true){hpItems[name]=item}else{lpItems[name]=item}
items[name]=item;checkIfBlocked(item);}
function setallowLoad(settobool){allowLoad=settobool}
function addFunc(name,func,parameters,isBlock,blockedBy,autoInc,deleteWhenComplete,proceedIfError,priority){if(autoInc===true)name=name+"_"+incr++;var item=new obj.func(name,func,parameters,isBlock,blockedBy,deleteWhenComplete,proceedIfError);if(priority===true){hpItems[name]=item}else{lpItems[name]=item}
items[name]=item;checkIfBlocked(item);}
function addTimeDelayFile(name,path){var item=new obj.file(name,path,false,[],false,false,true);item.isTimeDelay=true;log(name+' ... '+' FILE! TDELAY');lpItems[name]=item;items[name]=item;checkIfBlocked(item);}
function addTimeDelayFunc(name,func,parameters){var item=new obj.func(name,func,parameters,false,[],true,true);item.isTimeDelay=true;log(name+' ... '+' FUNCTION! TDELAY');lpItems[name]=item;items[name]=item;checkIfBlocked(item);}
function checkIfBlocked(item){if(isBlocked(item)===true||allowLoad==false)return;item.process();}
function isBlocked(item){if(item.isTimeDelay===true&&timeDelayFired===false){log(item.name+" blocked = TIME DELAY!");return true;}
if(item.blockedBy instanceof Array){for(var i=0;i<item.blockedBy.length;i++){var block=item.blockedBy[i];if(items.hasOwnProperty(block)===false){log(item.name+" blocked = "+block);return true;}else if(item.proceedIfError===true&&items[block].isError===true){return false;}else if(items[block].isComplete===false){log(item.name+" blocked = "+block);return true;}}}
return false;}
function log(msg){var href=window.location.href;var reg=new RegExp('[?&]ezq=([^&#]*)','i');var string=reg.exec(href);var res=string?string[1]:null;if(res==="1")console.debug(msg);}
function processAll(){count++;if(count>200)return;log("let's go");processItems(hpItems);processItems(lpItems);}
function processItems(list){for(var i in list){if(list.hasOwnProperty(i)===false)continue;var item=list[i];if(item.isComplete===true||isBlocked(item)||item.isInitialized===true||item.isError===true){if(item.isError===true){log(item.name+': error')}else if(item.isComplete===true){log(item.name+': complete already')}else if(item.isInitialized===true){log(item.name+': initialized already')}}else{item.process();}}}
init();return{addFile:addFile,addDelayFile:addTimeDelayFile,addFunc:addFunc,addDelayFunc:addTimeDelayFunc,items:items,processAll:processAll,setallowLoad:setallowLoad};})();__ez.script.add=function(e){var t=document.createElement("script");t.src=e,t.async=!0,t.type="text/javascript",document.getElementsByTagName("head")[0].appendChild(t)};__ez.dot={};var __ezDotData=function(name,val){if(typeof(name)!='string'&&name.length==2){val=name[1];name=name[0];}
this.name=name;this.val=val;};__ez.dot.b64={_keyStr:"ABCDEFGHIJKLMNOPQRSTUVWXYZabcdefghijklmnopqrstuvwxyz0123456789+/=",encode:function(e){var t="";var n,r,i,s,o,u,a;var f=0;e=Base64._utf8_encode(e);while(f<e.length){n=e.charCodeAt(f++);r=e.charCodeAt(f++);i=e.charCodeAt(f++);s=n>>2;o=(n&3)<<4|r>>4;u=(r&15)<<2|i>>6;a=i&63;if(isNaN(r)){u=a=64}else if(isNaN(i)){a=64}t=t+this._keyStr.charAt(s)+this._keyStr.charAt(o)+this._keyStr.charAt(u)+this._keyStr.charAt(a)}return t},decode:function(e){var t="";var n,r,i;var s,o,u,a;var f=0;e=e.replace(/[^A-Za-z0-9+/=]/g,"");while(f<e.length){s=this._keyStr.indexOf(e.charAt(f++));o=this._keyStr.indexOf(e.charAt(f++));u=this._keyStr.indexOf(e.charAt(f++));a=this._keyStr.indexOf(e.charAt(f++));n=s<<2|o>>4;r=(o&15)<<4|u>>2;i=(u&3)<<6|a;t=t+String.fromCharCode(n);if(u!=64){t=t+String.fromCharCode(r)}if(a!=64){t=t+String.fromCharCode(i)}}t=Base64._utf8_decode(t);return t},_utf8_encode:function(e){e=e.replace(/rn/g,"n");var t="";for(var n=0;n<e.length;n++){var r=e.charCodeAt(n);if(r<128){t+=String.fromCharCode(r)}else if(r>127&&r<2048){t+=String.fromCharCode(r>>6|192);t+=String.fromCharCode(r&63|128)}else{t+=String.fromCharCode(r>>12|224);t+=String.fromCharCode(r>>6&63|128);t+=String.fromCharCode(r&63|128)}}return t},_utf8_decode:function(e){var t="";var n=0;var r=c1=c2=0;while(n<e.length){r=e.charCodeAt(n);if(r<128){t+=String.fromCharCode(r);n++}else if(r>191&&r<224){c2=e.charCodeAt(n+1);t+=String.fromCharCode((r&31)<<6|c2&63);n+=2}else{c2=e.charCodeAt(n+1);c3=e.charCodeAt(n+2);t+=String.fromCharCode((r&15)<<12|(c2&63)<<6|c3&63);n+=3}}return t}};__ez.dot.dataToStr=function(pixelData){if(typeof pixelData==="undefined"){return[]}
try{for(var i in pixelData){pixelData[i].val=pixelData[i].val+'';}}catch(e){}
return pixelData};__ez.dot.getCC=function(){var countryCode="XX";if(typeof _ezaq!=="undefined"&&_ezaq.hasOwnProperty("country")){countryCode=_ezaq.country;}
return countryCode;};__ez.dot.getDID=function(){var domainId="0";if(typeof _ezaq!=="undefined"&&_ezaq.hasOwnProperty("domain_id")){domainId=_ezaq.domain_id.toString();}
return domainId;};__ez.dot.getEpoch=function(tEpoch){if(typeof _ezaq!=="undefined"&&_ezaq.hasOwnProperty("t_epoch")){tEpoch=_ezaq.t_epoch;}
return tEpoch};__ez.dot.getPageviewId=function(){var pageviewId="";if(typeof _ezaq!=="undefined"&&_ezaq.hasOwnProperty("page_view_id")){pageviewId=_ezaq.page_view_id;}
return pageviewId;};__ez.dot.getURL=function(pxURL){if((typeof ezJsu!=="undefined"&&ezJsu==true)||(typeof _ez_sa!=="undefined"&&_ez_sa==true)||(typeof isAmp!=='undefined'&&isAmp===true)||(typeof ezWp!=='undefined'&&ezWp===true)){pxURL="//g.ezoic.net"+pxURL;}
return pxURL;};__ez.dot.isValid=function(pixelData){for(var i=0;i<pixelData.length;i++){if(pixelData[i]instanceof __ezDotData===false){console.error("Invalid data. ",pixelData[i]);return false}}
return true};__ez.dot.isDefined=function(){for(var i=0;i<arguments.length;i++){if(typeof arguments[i]==='undefined'||arguments[i]===null){console.error("Argument not defined. ",arguments);return false}}
return true};__ez.dot.isAnyDefined=function(){var result=false;for(var i=0;i<arguments.length;i++){if(typeof arguments[i]!=='undefined'&&arguments[i]!==null){result=true}}
if(result==false){console.error("isAnyDefined Arguments not defined. ",arguments);}
return result};__ez.dot.getSlotIID=function(slot){var iid="0";try{var map=__ez.dot.getTargetingMap(slot),dvid=__ez.dot.getElementId(slot);if(dvid.indexOf("div-gpt-ad")===-1){return iid;}
if(typeof map!=="undefined"){for(var key in map){if(key.indexOf('iid')!==-1&&typeof map[key][0]!=="undefined"){iid=map[key][0];break;}}}}catch(e){}
return iid;};__ez.dot.getElementId=function(slot){if(typeof(slot.ElementId)!='undefined'){return slot.ElementId;}else{return slot.getSlotElementId()}};__ez.dot.getAdUnitPath=function(slot){if(typeof(slot.AdUnitPath)!='undefined'){return slot.AdUnitPath;}else{return slot.getAdUnitPath()}};__ez.dot.getSizes=function(slot){if(typeof(slot.Sizes)!='undefined'){return slot.Sizes;}else{return slot.getSizes();}};__ez.dot.getTargeting=function(slot,key){if(typeof(slot.Targeting)!='undefined'){return slot.Targeting[key];}else{return slot.getTargeting(key)[0];}};__ez.dot.getTargetingMap=function(slot){if(typeof(slot.Targeting)!='undefined'){return slot.Targeting;}else{return slot.getTargetingMap();}};__ez.dot.getAdUnit=function(adSlot){if(__ez.template.isOrig===true){return __ez.dot.getAdUnitPath(adSlot).split("/").pop()+"|~ez~|"+__ez.dot.getElementId(adSlot);}
return __ez.dot.getElementId(adSlot);};__ez.bit=(function(){var pixels=[],pxURL="/detroitchicago/greenoaks.gif";function AddAndFirePixel(pvId,pixelData){AddPixel(pvId,pixelData);Fire();}
function AddPixel(pvId,pixelData){if(__ez.dot.isDefined(pvId)&&__ez.dot.isValid(pixelData)){pixels.push({type:"pageview",pageview_id:pvId,domain_id:__ez.dot.getDID(),t_epoch:__ez.dot.getEpoch(0),data:__ez.dot.dataToStr(pixelData)})}}
function Fire(){if(typeof document.visibilityState!=='undefined'&&document.visibilityState==="prerender")return;if(__ez.dot.isDefined(pixels)&&pixels.length>0){(new Image()).src=__ez.dot.getURL(pxURL)+"?orig="+(__ez.template.isOrig===true?1:0)+"&ds="+btoa(JSON.stringify(pixels));}
pixels=[]}
return{Add:AddPixel,AddAndFire:AddAndFirePixel,Fire:Fire}})();__ez.pel=(function(){var pixels=[],pxURL="/porpoiseant/army.gif";function AddAndFirePixel(adSlot,pixelData){AddPixel(adSlot,pixelData,0,0,0,0,0);Fire();}
function GetCurrentPixels(){return pixels;}
function AddPixel(adSlot,pixelData,revenue,est_revenue,bid_floor_filled,bid_floor_prev,stat_source_id){if(!__ez.dot.isDefined(adSlot)||__ez.dot.isAnyDefined(adSlot.getSlotElementId,adSlot.ElementId)==false){return;}
var ad_position_id=parseInt(__ez.dot.getTargeting(adSlot,'ap'));var impId=__ez.dot.getSlotIID(adSlot),adUnit=__ez.dot.getAdUnit(adSlot);var compId=parseInt(__ez.dot.getTargeting(adSlot,"compid"));var lineItemId=0;var creativeId=0;var ezimData=getEzimData(adSlot);if(typeof ezimData=='object'){if(ezimData.creative_id!==undefined){creativeId=ezimData.creative_id;}
if(ezimData.line_item_id!==undefined){lineItemId=ezimData.line_item_id;}}
if(__ez.dot.isDefined(impId,adUnit)&&__ez.dot.isValid(pixelData)){pixels.push({type:"impression",impression_id:impId,domain_id:__ez.dot.getDID(),unit:adUnit,t_epoch:__ez.dot.getEpoch(0),revenue:revenue,est_revenue:est_revenue,ad_position:ad_position_id,ad_size:"",bid_floor_filled:bid_floor_filled,bid_floor_prev:bid_floor_prev,stat_source_id:stat_source_id,country_code:__ez.dot.getCC(),pageview_id:__ez.dot.getPageviewId(),comp_id:compId,line_item_id:lineItemId,creative_id:creativeId,data:__ez.dot.dataToStr(pixelData)});}}
function AddPixelById(impFullId,pixelData){var vals=impFullId.split('/');if(__ez.dot.isDefined(impFullId)&&vals.length===3&&__ez.dot.isValid(pixelData)){var adUnit=vals[0],impId=vals[2];pixels.push({type:"impression",impression_id:impId,domain_id:__ez.dot.getDID(),unit:adUnit,t_epoch:__ez.dot.getEpoch(0),pageview_id:__ez.dot.getPageviewId(),data:__ez.dot.dataToStr(pixelData)});}}
function Fire(){if(typeof document.visibilityState!=='undefined'&&document.visibilityState==="prerender")return;if(__ez.dot.isDefined(pixels)&&pixels.length>0){var pixelURL=__ez.dot.getURL(pxURL)+"?orig="+(__ez.template.isOrig===true?1:0)+"&sts="+btoa(JSON.stringify(pixels));if(typeof window.isAmp!=='undefined'&&isAmp&&typeof window._ezaq!=='undefined'&&_ezaq.hasOwnProperty("domain_id")){pixelURL+="&visit_uuid="+_ezaq['visit_uuid'];}
(new Image()).src=pixelURL;}
pixels=[];}
function getEzimData(adSlot){if(typeof _ezim_d=="undefined"){return false}
var adUnitName=__ez.dot.getAdUnitPath(adSlot).split('/').pop();if(typeof _ezim_d==='object'&&_ezim_d.hasOwnProperty(adUnitName)){return _ezim_d[adUnitName];}
for(var ezimKey in _ezim_d){if(ezimKey.split('/').pop()===adUnitName){return _ezim_d[ezimKey];}}
return false;}
return{Add:AddPixel,AddAndFire:AddAndFirePixel,AddById:AddPixelById,Fire:Fire,GetPixels:GetCurrentPixels,};})();var EzoicPixel=function(){this.pixels=[];this.pixelUrl="/ezoic/e.gif";if((typeof ezJsu!=="undefined"&&ezJsu===true)||(typeof _ez_sa!=="undefined"&&_ez_sa===true)||((typeof window.isAmp!='undefined')&&isAmp===true)||((typeof ezWp!=='undefined')&&ezWp===true)){this.pixelUrl="//g.ezoic.net"+this.pixelUrl}
this.tEpoch=0;if(typeof _ezaq!=="undefined"&&_ezaq.hasOwnProperty("t_epoch")){this.tEpoch=_ezaq.t_epoch}};var EzoicPixelData=function(name,val){this.name=name;this.val=val;};EzoicPixel.prototype={constructor:EzoicPixel,AddAndFireImpPixel:function(adSlot,pixelData){this.AddImpPixel(adSlot,pixelData,0,0,0,0,0);this.FirePixels()},AddAndFirePVPixel:function(pvId,pixelData){this.AddPVPixel(pvId,pixelData);this.FirePixels()},AddImpPixel:function(adSlot,pixelData,revenue,est_revenue,bid_floor_filled,bid_floor_prev,stat_source_id){if(__ez.dot.isDefined(adSlot)==false||__ez.dot.isAnyDefined(adSlot.getSlotElementId,adSlot.ElementId)==false){return}
var ad_position_id=parseInt(__ez.dot.getTargeting(adSlot,'ap'));var ad_size_array=__ez.dot.getSizes(adSlot)[0];var ad_size=ad_size_array.l.toString()+"x"+ad_size_array.j.toString();var domainId="0";var countryCode="XX";if(typeof _ezaq!=="undefined"&&_ezaq.hasOwnProperty("domain_id")){domainId=_ezaq.domain_id.toString()}
if(typeof _ezaq!=="undefined"&&_ezaq.hasOwnProperty("country")){countryCode=_ezaq.country}
var impId=__ez.dot.getSlotIID(adSlot),adUnit=__ez.dot.getSlotElementId(adSlot);if(__ez.dot.isDefined(impId,adUnit)&&this.validateData(pixelData)){pixelData=this.convertDataToStr(pixelData);this.pixels.push({type:"impression",impression_id:impId,domain_id:domainId,unit:adUnit,t_epoch:this.tEpoch,revenue:revenue,est_revenue:est_revenue,ad_position:ad_position_id,ad_size:ad_size,bid_floor_filled:bid_floor_filled,bid_floor_prev:bid_floor_prev,stat_source_id:stat_source_id,country_code:countryCode,data:pixelData})}},AddImpPixelById:function(impFullId,pixelData){var domainId="0";if(typeof _ezaq!=="undefined"&&_ezaq.hasOwnProperty("domain_id")){domainId=_ezaq.domain_id.toString()}
var vals=impFullId.split('/');if(__ez.dot.isDefined(impFullId)&&vals.length===3&&this.validateData(pixelData)){var adUnit=vals[0];var impId=vals[2];pixelData=this.convertDataToStr(pixelData);this.pixels.push({type:"impression",impression_id:impId,domain_id:domainId,unit:adUnit,t_epoch:this.tEpoch,data:pixelData})}},AddPVPixel:function(pvId,pixelData){var domainId="0";if(typeof _ezaq!=="undefined"&&_ezaq.hasOwnProperty("domain_id")){domainId=_ezaq.domain_id.toString()}
if(__ez.dot.isDefined(pvId)&&this.validateData(pixelData)){pixelData=this.convertDataToStr(pixelData);this.pixels.push({type:"pageview",pageview_id:pvId,domain_id:domainId,t_epoch:this.tEpoch,data:pixelData})}},FirePixels:function(){if(typeof document.visibilityState!=='undefined'&&document.visibilityState==="prerender"){return}
if(__ez.dot.isDefined(this.pixels)&&this.pixels.length>0){(new Image()).src=this.pixelUrl+"?orig="+(__ez.template.isOrig===true?1:0)+"&pixels="+encodeURIComponent(JSON.stringify(this.pixels))}
this.pixels=[]},NewData:function(name,val){return new EzoicPixelData(name,val)},convertDataToStr:function(pixelData){if(typeof pixelData==="undefined"){return[]}
try{for(var i in pixelData){pixelData[i].val=pixelData[i].val+''}}catch(e){}
return pixelData},validateData:function(pixelData){for(var i=0;i<pixelData.length;i++){if(pixelData[i]instanceof EzoicPixelData===false){console.error("Invalid pixelData. ",pixelData[i]);return false}}
return true}};(function(){if("function"===typeof window.CustomEvent)return!1;window.CustomEvent=function(c,a){a=a||{bubbles:!1,cancelable:!1,detail:null};var b=document.createEvent("CustomEvent");b.initCustomEvent(c,a.bubbles,a.cancelable,a.detail);return b}})();window.requestIdleCallback=window.requestIdleCallback||function(b){var a=Date.now();return setTimeout(function(){b({didTimeout:!1,timeRemaining:function(){return Math.max(0,50-(Date.now()-a))}})},1)};
(function(){function b(a,b){for(var c=[],f=0;f<a;f++){for(var d=f*b*Math.random(),l=!0,k=2;k<=Math.sqrt(d);++k)if(0===d%k){l=!1;break}l&&c.push(d)}return c}function a(){var a=this;a.age=0;setInterval(function(){a.age++},1E3)}if("1"==window.ihajsdjhsadhjk){var d=new a;b(6,d);window.ihajsdjhsadhjk=null;window.doezifk="1"}"1"==window.doezifk&&(b(50,1E9),pointlessComputationsButton.disabled=!1,window.doezifk=null,window.ihajsdjhsadhjk="1");if("function"===typeof window.EzoIvent)return!1;window.EzoIvent=
function(a,b){b=b||{bubbles:!1,cancelable:!1,detail:null};var c=document.createEvent("EzoIvent");c.initCustomEvent(a,b.bubbles,b.cancelable,b.detail);return c}})();__ez.nap=[];__ez.nap[0]=0;__ez.nap[1]=45;__ez.nap[2]=[];__ez.nap[3]=0;__ez.nap[4]=1;__ez.nap[5]=[];
var ezocfol=function(b){b=_findNetworkQuietPeriods(__ez.nap[2],window.ezodomstart,b);b=_findOverlappingQuietPeriods(b,__ez.nap[5]);if("undefined"!=typeof b){var a=0,d=Math.max(b[b.length-1].cpuQuietPeriod.end,b[b.length-1].cpuQuietPeriod.end);b.forEach(function(b){a+=Math.floor(b.quietPeriodLength/55)});(a>=__ez.sswp&&1<a||10<=a||d<Date.now()-5E3)&&clearInterval(window.ezoIint);__ez.nap[0]=a;window.dispatchEvent(new CustomEvent("EzoIvent",{detail:[__ez.nap[0],50]}))}};
_findOverlappingQuietPeriods=function(b,a){var d=a.slice(),c=b.slice();d.shift();c.shift();var f=[];d.forEach(function(e){c.forEach(function(c){e.start>=c.start?c.end>=e.start+55&&f.push({cpuQuietPeriod:e,networkQuietPeriod:c,cpuQuietPeriods:a,networkQuietPeriods:b,quietPeriodLength:Math.min(e.duration,c.duration)}):e.end>=c.start+55&&f.push({cpuQuietPeriod:e,networkQuietPeriod:c,cpuQuietPeriods:a,networkQuietPeriods:b,quietPeriodLength:Math.min(e.duration,c.duration)})})});if(0<f.length)return f};
var netStartTime=0;_findNetworkQuietPeriods=function(b,a,d){0==netStartTime&&(netStartTime=a-1);a=[];for(var c in b){var f=b[c];0>f.end&&(f.end=99);a.push({time:f.start,isStart:!0});0<f.end&&a.push({time:f.end,isStart:!1})}a.sort(function(a,b){return a.time-b.time});var e=0,g=netStartTime,h=[];a.forEach(function(a){a.isStart?(e===__ez.nap[4]&&h.push({start:g,end:a.time,duration:a.time-g}),e++):(e--,e===__ez.nap[4]&&(g=a.time))});e<=__ez.nap[4]&&h.push({start:g,end:d,duration:d-g});return h};
function hashCode(b){for(var a,d=0;d<b.length;d++)a=Math.imul(31,a)+b.charCodeAt(d)|0;return a}
var ezogetrqbykey=function(b){for(var a=0,d=__ez.nap[2].length;a<d;a++)if(__ez.nap[2][a].id==b)return a},ezorqs=function(b,a){indexKey=window.ezogetrqbykey(a);"undefined"==typeof indexKey&&(__ez.nap[2].push({start:Date.now(),end:-1,id:a}),__ez.nap[3]++,setTimeout(function(){window.ezorqe(b,a)},2E3))},ezorqe=function(b,a,d){indexKey=window.ezogetrqbykey(a);"undefined"!=typeof indexKey&&-1==__ez.nap[2][indexKey].end?(__ez.nap[2][indexKey].end=Date.now(),__ez.nap[3]--):1==d&&__ez.nap[3]--};
(function(){if("undefined"!=typeof window.__ez.ssaf&&-1<window.__ez.ssaf.indexOf(19)){var b=window.setInterval;window.setInterval=function(a,d){var c=d;90>c&&56!=c&&(c=90);if(3>arguments.length)return b(a,c);var f=Array.prototype.slice.call(arguments).slice(2);return b(a.bind(window,f),c)}}})();
(function(){if("undefined"!=typeof window.__ez.ssaf&&-1<window.__ez.ssaf.indexOf(19)){var b=window.setTimeout;window.setTimeout=function(a,d){var c=d;90>c&&(c=90);if(3>arguments.length)return b(a,c);var f=this,e=Array.prototype.slice.call(arguments,2);return b(a instanceof Function?function(){a.apply(f,e)}:a,c)}}})();
(function(){var b=window.XMLHttpRequest,a=function(){var a=new b;"undefined"!=typeof this.open?a.open=this.open:this.open=b.open;"undefined"!=typeof this.abort?a.abort=this.abort:this.open=b.open;"undefined"!=typeof this.getAllResponseHeaders?a.getAllResponseHeaders=this.getAllResponseHeaders:this.getAllResponseHeaders=b.getAllResponseHeaders;"undefined"!=typeof this.getResponseHeader?a.getResponseHeader=this.getResponseHeader:this.getResponseHeader=b.getResponseHeader;"undefined"!=typeof this.overrideMimeType?
a.overrideMimeType=this.overrideMimeType:this.overrideMimeType=b.overrideMimeType;"undefined"!=typeof this.setRequestHeader?a.setRequestHeader=this.setRequestHeader:this.setRequestHeader=b.setRequestHeader;var d=Math.random();a.addEventListener("loadstart",function(a){window.ezorqs(a,d)});a.addEventListener("loadend",function(a){window.ezorqe(a,d)});a.addEventListener("error",function(a){window.ezorqe(a,d)});a.addEventListener("abort",function(a){window.ezorqe(a,d)});return a};a.prototype=b.prototype;
for(var d in b)a[d]=b[d];window.XMLHttpRequest=a})();window.ezoFetchConst=window.fetch;window.fetch=function(b){var a=arguments,d=this,c=Math.random();window.ezorqs(b,c);return new Promise(function(b,e){window.ezoFetchConst.apply(d,a).then(function(a){window.ezorqe(a,c);b(a)})["catch"](function(a){window.ezorqe(a,c);e(a)})})};var _fEzDt=function(){return Date.now()};
document.addEventListener("DOMContentLoaded",function(){window.ezodomstart=Date.now();if("requestIdleCallback"in window){var b=0;window.ezoIint=setInterval(function(){window.requestIdleCallback(function(a){var d=Date.now();a=a.timeRemaining();var c=_fEzDt();a<c&&(a>__ez.nap[1]?0==b&&(b=d):0!=b&&(a={start:b,end:d-(50-a)},a.duration=a.end-a.start,55<=a.duration&&(__ez.nap[5].push(a),window.ezocfol(d)),b=0))})},56)}else window.dispatchEvent(new CustomEvent("EzoIvent",{detail:[-1,-1]})),clearInterval(window.ezoIint)});
"undefined"!=typeof window.__ez.ssaf&&-1<window.__ez.ssaf.indexOf(16)&&(window.addEventListener("load",function(){window.__ez__w_load=!0}),window.addEventListener("DOMContentLoaded",function(){window.__ez__w_dom=!0}),"undefined"!==typeof window.__ez.sshsdef&&!1===window.__ez.sshsdef&&function(){if(Element.prototype.addEventListener){window.__ez__ael=window.addEventListener;window.__ez__ael__proto=window.__ez__ael.prototype;var b=function(){"domcontentloaded"==arguments[0].toLowerCase()?arguments[0]=
"EzoicDOMContentLoaded":"load"==arguments[0].toLowerCase()&&(arguments[0]="Ezoicload");window.__ez__ael.apply(window,arguments)};window.__ez__ael.prototype=window.__ez__ael__proto;window.addEventListener=b;document.addEventListener=b}}());window.ezorqs=ezorqs;window.ezorqe=ezorqe;window.ezocfol=ezocfol;window.ezogetrqbykey=ezogetrqbykey;__ez.nap=__ez.nap;Method not allowed
            body{
                margin:0;
                padding:30px;
                font:12px/1.5 Helvetica,Arial,Verdana,sans-serif;
            }
            h1{
                margin:0;
                font-size:48px;
                font-weight:normal;
                line-height:48px;
            }
        window.google_analytics_uacct = "UA-131129777-14";
var _gaq = _gaq || [];
_gaq.push(['e._setAccount', 'UA-131129777-14']);
_gaq.push(['f._setAccount', 'UA-38339005-1']);
_gaq.push(['e._setDomainName', 'restapiexample.com']);
_gaq.push(['f._setDomainName', 'restapiexample.com']);
_gaq.push(['e._setCustomVar',1,'template','pub_site_noads',3]);
_gaq.push(['e._setCustomVar',2,'t','147',3]);
_gaq.push(['e._setCustomVar',3,'rid','0',2]);
_gaq.push(['e._setCustomVar',4,'bra','mod92',3]);
_gaq.push(['e._setAllowAnchor',true]);
_gaq.push(['e._setSiteSpeedSampleRate', 10]);
_gaq.push(['f._setCustomVar',1,'template','pub_site_noads',3]);
_gaq.push(['f._setCustomVar',2,'domain','restapiexample.com',3]);
_gaq.push(['f._setSiteSpeedSampleRate', 20]);
_gaq.push(['e._trackPageview']);
_gaq.push(['f._trackPageview']);


(function() {
 var ga = document.createElement('script'); ga.type = 'text/javascript'; ga.async = true;
 ga.src = ('https:' == document.location.protocol ? 'https://ssl' : 'http://www') + '.google-analytics.com/ga.js';
 var s = document.getElementsByTagName('script')[0]; s.parentNode.insertBefore(ga, s);
})();
var ezouid = "1";null
var ezoTemplate = 'pub_site_noads';
if(typeof ezouid == 'undefined')
{
    var ezouid = 'none';
}
var ezoFormfactor = '1';
var ezo_elements_to_check = Array();

var soc_app_id = '0';
var did = 133674;
var ezdomain = 'restapiexample.com';
var ezoicSearchable = 1;

__ez.queue.addFile('__ezf_ezosuigeneris', '//g.ezoic.net/ezosuigeneris.js', true, [], true, false, false, false);
var __ez_ezosuigenerisEvt = function() { if(typeof(ezosuigeneris) != 'undefined'){__ez.bit.AddAndFire(_ezaq['page_view_id'], [(new __ezDotData('universal_user_id', ezosuigeneris))]); }};
__ez.queue.addFunc('__ez_ezosuigenerisEvt', '__ez_ezosuigenerisEvt', null, false, ['__ezf_ezosuigeneris'], false, false, false, false);__ez.queue.addFile('__ezf_ezosuigenerisc', '//g.ezoic.net/ezosuigenerisc.js?nogen=1', true, [], true, false, false, false);
function create_ezolpl() {
    var d = new Date();
    d.setTime(d.getTime() + (365*24*60*60*1000));
    var expires = "expires="+d.toUTCString();
    __ez.ck.setByCat("ezux_lpl_133674=" + new Date().getTime() + "|cc372b74-b3a9-40c8-65fd-959c228f521d|false; " + expires, 3);
}
function attach_ezolpl() {
    if(window.attachEvent) {
        window.attachEvent('onload', create_ezolpl);
    } else {
        if(window.onload) {
            var curronload = window.onload;
            var newonload = function(evt) {
                curronload(evt);
                create_ezolpl();
            };
            window.onload = newonload;
        } else {
            window.onload = create_ezolpl;
        }
    }
}
attach_ezolpl();
Method not allowedGET
var __ez_dims = (function() {
var setCookie = function( name, content, expiry ) {
return document.cookie = name+'='+content+((expiry)?';expires='+(new Date(Math.floor(new Date().getTime()+expiry*1000)).toUTCString()):'')+';path=/';
};
var ffid = 1;
var oh = window.screen.height;
var ow = window.screen.width;
var h = ffid === 1 ? oh : (oh > ow) ? oh : ow;
var w = ffid === 1 ? ow : (oh > ow) ? ow : oh;
var uh = window.innerHeight || document.documentElement.clientHeight || document.getElementsByTagName('body')[0].clientHeight;
var uw = window.innerWidth || document.documentElement.clientWidth || document.getElementsByTagName('body')[0].clientWidth;
setCookie('ezds', encodeURIComponent('ffid='+ffid+',w='+w+',h='+h), (31536e3*7));
setCookie('ezohw', encodeURIComponent('w='+uw+',h='+uh), (31536e3*7));
})();

__ez.queue.addFile('edmonton.php', '/detroitchicago/edmonton.webp?a=a&cb=188-3&shcb=32', true, [], true, false, false, false);
__ez.queue.addFile('jellyfish.php', '/porpoiseant/jellyfish.webp?a=a&cb=188-3&shcb=32', false, [], true, false, false, false);
nullnull

at java.base/jdk.internal.reflect.NativeConstructorAccessorImpl.newInstance0(Native Method)
at java.base/jdk.internal.reflect.NativeConstructorAccessorImpl.newInstance(NativeConstructorAccessorImpl.java:62)
at java.base/jdk.internal.reflect.DelegatingConstructorAccessorImpl.newInstance(DelegatingConstructorAccessorImpl.java:45)
at java.base/java.lang.reflect.Constructor.newInstance(Constructor.java:490)
at org.codehaus.groovy.reflection.CachedConstructor.invoke(CachedConstructor.java:72)
at org.codehaus.groovy.reflection.CachedConstructor.doConstructorInvoke(CachedConstructor.java:59)
at org.codehaus.groovy.runtime.callsite.ConstructorSite$ConstructorSiteNoUnwrap.callConstructor(ConstructorSite.java:84)
at org.codehaus.groovy.runtime.callsite.CallSiteArray.defaultCallConstructor(CallSiteArray.java:59)
at org.codehaus.groovy.runtime.callsite.AbstractCallSite.callConstructor(AbstractCallSite.java:263)
at org.codehaus.groovy.runtime.callsite.AbstractCallSite.callConstructor(AbstractCallSite.java:277)
at io.restassured.internal.ResponseSpecificationImpl$HamcrestAssertionClosure.validate(ResponseSpecificationImpl.groovy:493)
at io.restassured.internal.ResponseSpecificationImpl$HamcrestAssertionClosure$validate$1.call(Unknown Source)
at org.codehaus.groovy.runtime.callsite.CallSiteArray.defaultCall(CallSiteArray.java:47)
at org.codehaus.groovy.runtime.callsite.AbstractCallSite.call(AbstractCallSite.java:125)
at org.codehaus.groovy.runtime.callsite.AbstractCallSite.call(AbstractCallSite.java:139)
at io.restassured.internal.ResponseSpecificationImpl.validateResponseIfRequired(ResponseSpecificationImpl.groovy:674)
at java.base/jdk.internal.reflect.NativeMethodAccessorImpl.invoke0(Native Method)
at java.base/jdk.internal.reflect.NativeMethodAccessorImpl.invoke(NativeMethodAccessorImpl.java:62)
at java.base/jdk.internal.reflect.DelegatingMethodAccessorImpl.invoke(DelegatingMethodAccessorImpl.java:43)
at java.base/java.lang.reflect.Method.invoke(Method.java:566)
at org.codehaus.groovy.runtime.callsite.PlainObjectMetaMethodSite.doInvoke(PlainObjectMetaMethodSite.java:43)
at org.codehaus.groovy.runtime.callsite.PogoMetaMethodSite$PogoCachedMethodSiteNoUnwrapNoCoerce.invoke(PogoMetaMethodSite.java:193)
at org.codehaus.groovy.runtime.callsite.PogoMetaMethodSite.callCurrent(PogoMetaMethodSite.java:61)
at org.codehaus.groovy.runtime.callsite.CallSiteArray.defaultCallCurrent(CallSiteArray.java:51)
at org.codehaus.groovy.runtime.callsite.AbstractCallSite.callCurrent(AbstractCallSite.java:171)
at org.codehaus.groovy.runtime.callsite.AbstractCallSite.callCurrent(AbstractCallSite.java:185)
at io.restassured.internal.ResponseSpecificationImpl.body(ResponseSpecificationImpl.groovy:261)
at io.restassured.specification.ResponseSpecification$body$0.callCurrent(Unknown Source)
at org.codehaus.groovy.runtime.callsite.CallSiteArray.defaultCallCurrent(CallSiteArray.java:51)
at org.codehaus.groovy.runtime.callsite.AbstractCallSite.callCurrent(AbstractCallSite.java:171)
at org.codehaus.groovy.runtime.callsite.AbstractCallSite.callCurrent(AbstractCallSite.java:212)
at io.restassured.internal.ResponseSpecificationImpl.body(ResponseSpecificationImpl.groovy:108)
at io.restassured.internal.ValidatableResponseOptionsImpl.body(ValidatableResponseOptionsImpl.java:244)
at io.restassured.internal.ValidatableResponseImpl.super$2$body(ValidatableResponseImpl.groovy)
at java.base/jdk.internal.reflect.NativeMethodAccessorImpl.invoke0(Native Method)
at java.base/jdk.internal.reflect.NativeMethodAccessorImpl.invoke(NativeMethodAccessorImpl.java:62)
at java.base/jdk.internal.reflect.DelegatingMethodAccessorImpl.invoke(DelegatingMethodAccessorImpl.java:43)
at java.base/java.lang.reflect.Method.invoke(Method.java:566)
at org.codehaus.groovy.reflection.CachedMethod.invoke(CachedMethod.java:107)
at groovy.lang.MetaMethod.doMethodInvoke(MetaMethod.java:323)
at groovy.lang.MetaClassImpl.invokeMethod(MetaClassImpl.java:1262)
at org.codehaus.groovy.runtime.ScriptBytecodeAdapter.invokeMethodOnSuperN(ScriptBytecodeAdapter.java:144)
at io.restassured.internal.ValidatableResponseImpl.body(ValidatableResponseImpl.groovy:298)
at io.restassured.internal.ValidatableResponseImpl.body(ValidatableResponseImpl.groovy)
at serializationDeserialization.NoSerializationDeserialization.testPostData(NoSerializationDeserialization.java:41)
at java.base/jdk.internal.reflect.NativeMethodAccessorImpl.invoke0(Native Method)
at java.base/jdk.internal.reflect.NativeMethodAccessorImpl.invoke(NativeMethodAccessorImpl.java:62)
at java.base/jdk.internal.reflect.DelegatingMethodAccessorImpl.invoke(DelegatingMethodAccessorImpl.java:43)
at java.base/java.lang.reflect.Method.invoke(Method.java:566)
at org.testng.internal.MethodInvocationHelper.invokeMethod(MethodInvocationHelper.java:134)
at org.testng.internal.TestInvoker.invokeMethod(TestInvoker.java:597)
at org.testng.internal.TestInvoker.invokeTestMethod(TestInvoker.java:173)
at org.testng.internal.MethodRunner.runInSequence(MethodRunner.java:46)
at org.testng.internal.TestInvoker$MethodInvocationAgent.invoke(TestInvoker.java:816)
at org.testng.internal.TestInvoker.invokeTestMethods(TestInvoker.java:146)
at org.testng.internal.TestMethodWorker.invokeTestMethods(TestMethodWorker.java:146)
at org.testng.internal.TestMethodWorker.run(TestMethodWorker.java:128)
at java.base/java.util.ArrayList.forEach(ArrayList.java:1540)
at org.testng.TestRunner.privateRun(TestRunner.java:766)
at org.testng.TestRunner.run(TestRunner.java:587)
at org.testng.SuiteRunner.runTest(SuiteRunner.java:384)
at org.testng.SuiteRunner.runSequentially(SuiteRunner.java:378)
at org.testng.SuiteRunner.privateRun(SuiteRunner.java:337)
at org.testng.SuiteRunner.run(SuiteRunner.java:286)
at org.testng.SuiteRunnerWorker.runSuite(SuiteRunnerWorker.java:53)
at org.testng.SuiteRunnerWorker.run(SuiteRunnerWorker.java:96)
at org.testng.TestNG.runSuitesSequentially(TestNG.java:1187)
at org.testng.TestNG.runSuitesLocally(TestNG.java:1109)
at org.testng.TestNG.runSuites(TestNG.java:1039)
at org.testng.TestNG.run(TestNG.java:1007)
at org.testng.remote.AbstractRemoteTestNG.run(AbstractRemoteTestNG.java:115)
at org.testng.remote.RemoteTestNG.initAndRun(RemoteTestNG.java:251)
at org.testng.remote.RemoteTestNG.main(RemoteTestNG.java:77)
]]>
    </failure>
  </testcase> <!-- testPostData -->
  <system-out/>
</testsuite> <!-- serializationDeserialization.NoSerializationDeserialization -->
